

> @elizaos/plugin-safe-validator@0.25.6-alpha.1 build /Users/alanracciatti/Desktop/Programming/mati/eliza/packages/plugin-safe-validator
> tsup --format esm --dts

[34mCLI[39m Building entry: src/index.ts
[34mCLI[39m Using tsconfig: tsconfig.json
[34mCLI[39m tsup v8.3.5
[34mCLI[39m Using tsup config: /Users/alanracciatti/Desktop/Programming/mati/eliza/packages/plugin-safe-validator/tsup.config.ts
[34mCLI[39m Target: esnext
[34mCLI[39m Cleaning output folder
[34mESM[39m Build start
[32mESM[39m [1mdist/index.js                  [22m[32m109.72 KB[39m
[32mESM[39m [1mdist/ccip-OLTUOPPD.js          [22m[32m290.00 B[39m
[32mESM[39m [1mdist/secp256k1-5HNE4PLH.js     [22m[32m80.02 KB[39m
[32mESM[39m [1mdist/chunk-P2KTBFV4.js         [22m[32m128.87 KB[39m
[32mESM[39m [1mdist/_esm-FVHF6KDD.js          [22m[32m130.62 KB[39m
[32mESM[39m [1mdist/chunk-PR4QN5HX.js         [22m[32m1.87 KB[39m
[32mESM[39m [1mdist/ccip-OLTUOPPD.js.map      [22m[32m71.00 B[39m
[32mESM[39m [1mdist/secp256k1-5HNE4PLH.js.map [22m[32m202.99 KB[39m
[32mESM[39m [1mdist/chunk-P2KTBFV4.js.map     [22m[32m386.29 KB[39m
[32mESM[39m [1mdist/_esm-FVHF6KDD.js.map      [22m[32m211.12 KB[39m
[32mESM[39m [1mdist/index.js.map              [22m[32m187.36 KB[39m
[32mESM[39m [1mdist/chunk-PR4QN5HX.js.map     [22m[32m71.00 B[39m
[32mESM[39m ⚡️ Build success in 400ms
DTS Build start
DTS ⚡️ Build success in 4742ms
DTS dist/index.d.ts 296.00 B
